app/build/intermediates/manifest_merge_blame_file/debug/manifest-merger-blame-debug-report.txt
1<?xml version="1.0" encoding="utf-8"?>
2<manifest xmlns:android="http://schemas.android.com/apk/res/android"
3    package="com.example.printxpress"
4    android:versionCode="1"
5    android:versionName="1.0" >
6
7    <uses-sdk
8        android:minSdkVersion="24"
9        android:targetSdkVersion="33" />
10
11    <uses-permission android:name="android.permission.INTERNET" />
11-->[com.google.firebase:firebase-auth:22.3.1] AndroidManifest.xml:25:5-67
11-->[com.google.firebase:firebase-auth:22.3.1] AndroidManifest.xml:25:22-64
12    <uses-permission android:name="android.permission.ACCESS_NETWORK_STATE" />
12-->[com.google.firebase:firebase-auth:22.3.1] AndroidManifest.xml:26:5-79
12-->[com.google.firebase:firebase-auth:22.3.1] AndroidManifest.xml:26:22-76
13    <uses-permission android:name="android.permission.POST_NOTIFICATIONS" />
13-->[com.google.firebase:firebase-messaging:23.4.0] AndroidManifest.xml:23:5-77
13-->[com.google.firebase:firebase-messaging:23.4.0] AndroidManifest.xml:23:22-74
14    <uses-permission android:name="android.permission.WAKE_LOCK" /> <!-- Required by older versions of Google Play services to create IID tokens -->
14-->[com.google.firebase:firebase-messaging:23.4.0] AndroidManifest.xml:24:5-68
14-->[com.google.firebase:firebase-messaging:23.4.0] AndroidManifest.xml:24:22-65
15    <uses-permission android:name="com.google.android.c2dm.permission.RECEIVE" />
15-->[com.google.firebase:firebase-messaging:23.4.0] AndroidManifest.xml:26:5-82
15-->[com.google.firebase:firebase-messaging:23.4.0] AndroidManifest.xml:26:22-79
16    <uses-permission android:name="com.google.android.providers.gsf.permission.READ_GSERVICES" />
16-->[com.google.android.recaptcha:recaptcha:18.4.0] AndroidManifest.xml:9:5-98
16-->[com.google.android.recaptcha:recaptcha:18.4.0] AndroidManifest.xml:9:22-95
17
18    <permission
18-->[androidx.core:core:1.9.0] AndroidManifest.xml:22:5-24:47
19        android:name="com.example.printxpress.DYNAMIC_RECEIVER_NOT_EXPORTED_PERMISSION"
19-->[androidx.core:core:1.9.0] AndroidManifest.xml:23:9-81
20        android:protectionLevel="signature" />
20-->[androidx.core:core:1.9.0] AndroidManifest.xml:24:9-44
21
22    <uses-permission android:name="com.example.printxpress.DYNAMIC_RECEIVER_NOT_EXPORTED_PERMISSION" />
22-->[androidx.core:core:1.9.0] AndroidManifest.xml:26:5-97
22-->[androidx.core:core:1.9.0] AndroidManifest.xml:26:22-94
23
24    <application
24-->src\main\AndroidManifest.xml:5:5-35:19
25        android:allowBackup="true"
25-->src\main\AndroidManifest.xml:6:9-35
26        android:appComponentFactory="androidx.core.app.CoreComponentFactory"
26-->[androidx.core:core:1.9.0] AndroidManifest.xml:28:18-86
27        android:debuggable="true"
28        android:extractNativeLibs="false"
29        android:icon="@drawable/ic_launcher"
29-->src\main\AndroidManifest.xml:7:9-45
30        android:label="PrintXpress"
30-->src\main\AndroidManifest.xml:10:9-36
31        android:logo="@drawable/logo"
31-->src\main\AndroidManifest.xml:9:9-38
32        android:roundIcon="@drawable/ic_launcher"
32-->src\main\AndroidManifest.xml:8:9-50
33        android:testOnly="true"
34        android:theme="@style/Theme.PrintXpress" >
34-->src\main\AndroidManifest.xml:11:9-49
35        <activity
35-->src\main\AndroidManifest.xml:12:9-19:20
36            android:name="com.example.printxpress.LoginActivity"
36-->src\main\AndroidManifest.xml:13:13-42
37            android:exported="true" >
37-->src\main\AndroidManifest.xml:14:13-36
38            <intent-filter>
38-->src\main\AndroidManifest.xml:15:13-18:29
39                <action android:name="android.intent.action.MAIN" />
39-->src\main\AndroidManifest.xml:16:17-69
39-->src\main\AndroidManifest.xml:16:25-66
40
41                <category android:name="android.intent.category.LAUNCHER" />
41-->src\main\AndroidManifest.xml:17:17-77
41-->src\main\AndroidManifest.xml:17:27-74
42            </intent-filter>
43        </activity>
44        <activity android:name="com.example.printxpress.RegisterActivity" />
44-->src\main\AndroidManifest.xml:20:9-54
44-->src\main\AndroidManifest.xml:20:19-51
45        <activity android:name="com.example.printxpress.ForgotPasswordActivity" />
45-->src\main\AndroidManifest.xml:21:9-60
45-->src\main\AndroidManifest.xml:21:19-57
46        <activity android:name="com.example.printxpress.DashboardActivity" />
46-->src\main\AndroidManifest.xml:22:9-55
46-->src\main\AndroidManifest.xml:22:19-52
47        <activity android:name="com.example.printxpress.PlaceOrderActivity" />
47-->src\main\AndroidManifest.xml:23:9-56
47-->src\main\AndroidManifest.xml:23:19-53
48        <activity android:name="com.example.printxpress.AdminDashboardActivity" />
48-->src\main\AndroidManifest.xml:24:9-60
48-->src\main\AndroidManifest.xml:24:19-57
49        <activity android:name="com.example.printxpress.OperatorDashboardActivity" />
49-->src\main\AndroidManifest.xml:25:9-63
49-->src\main\AndroidManifest.xml:25:19-60
50        <activity android:name="com.example.printxpress.CustomerDashboardActivity" />
50-->src\main\AndroidManifest.xml:26:9-63
50-->src\main\AndroidManifest.xml:26:19-60
51
52        <service
52-->src\main\AndroidManifest.xml:28:9-34:19
53            android:name="com.example.printxpress.MyFirebaseMessagingService"
53-->src\main\AndroidManifest.xml:29:13-55
54            android:exported="false" >
54-->src\main\AndroidManifest.xml:30:13-37
55            <intent-filter>
55-->src\main\AndroidManifest.xml:31:13-33:29
56                <action android:name="com.google.firebase.MESSAGING_EVENT" />
56-->src\main\AndroidManifest.xml:32:17-78
56-->src\main\AndroidManifest.xml:32:25-75
57            </intent-filter>
58        </service>
59
60        <activity
60-->[com.google.firebase:firebase-auth:22.3.1] AndroidManifest.xml:29:9-46:20
61            android:name="com.google.firebase.auth.internal.GenericIdpActivity"
61-->[com.google.firebase:firebase-auth:22.3.1] AndroidManifest.xml:30:13-80
62            android:excludeFromRecents="true"
62-->[com.google.firebase:firebase-auth:22.3.1] AndroidManifest.xml:31:13-46
63            android:exported="true"
63-->[com.google.firebase:firebase-auth:22.3.1] AndroidManifest.xml:32:13-36
64            android:launchMode="singleTask"
64-->[com.google.firebase:firebase-auth:22.3.1] AndroidManifest.xml:33:13-44
65            android:theme="@android:style/Theme.Translucent.NoTitleBar" >
65-->[com.google.firebase:firebase-auth:22.3.1] AndroidManifest.xml:34:13-72
66            <intent-filter>
66-->[com.google.firebase:firebase-auth:22.3.1] AndroidManifest.xml:35:13-45:29
67                <action android:name="android.intent.action.VIEW" />
67-->[com.google.firebase:firebase-auth:22.3.1] AndroidManifest.xml:36:17-69
67-->[com.google.firebase:firebase-auth:22.3.1] AndroidManifest.xml:36:25-66
68
69                <category android:name="android.intent.category.DEFAULT" />
69-->[com.google.firebase:firebase-auth:22.3.1] AndroidManifest.xml:38:17-76
69-->[com.google.firebase:firebase-auth:22.3.1] AndroidManifest.xml:38:27-73
70                <category android:name="android.intent.category.BROWSABLE" />
70-->[com.google.firebase:firebase-auth:22.3.1] AndroidManifest.xml:39:17-78
70-->[com.google.firebase:firebase-auth:22.3.1] AndroidManifest.xml:39:27-75
71
72                <data
72-->[com.google.firebase:firebase-auth:22.3.1] AndroidManifest.xml:41:17-44:51
73                    android:host="firebase.auth"
73-->[com.google.firebase:firebase-auth:22.3.1] AndroidManifest.xml:42:21-49
74                    android:path="/"
74-->[com.google.firebase:firebase-auth:22.3.1] AndroidManifest.xml:43:21-37
75                    android:scheme="genericidp" />
75-->[com.google.firebase:firebase-auth:22.3.1] AndroidManifest.xml:44:21-48
76            </intent-filter>
77        </activity>
78        <activity
78-->[com.google.firebase:firebase-auth:22.3.1] AndroidManifest.xml:47:9-64:20
79            android:name="com.google.firebase.auth.internal.RecaptchaActivity"
79-->[com.google.firebase:firebase-auth:22.3.1] AndroidManifest.xml:48:13-79
80            android:excludeFromRecents="true"
80-->[com.google.firebase:firebase-auth:22.3.1] AndroidManifest.xml:49:13-46
81            android:exported="true"
81-->[com.google.firebase:firebase-auth:22.3.1] AndroidManifest.xml:50:13-36
82            android:launchMode="singleTask"
82-->[com.google.firebase:firebase-auth:22.3.1] AndroidManifest.xml:51:13-44
83            android:theme="@android:style/Theme.Translucent.NoTitleBar" >
83-->[com.google.firebase:firebase-auth:22.3.1] AndroidManifest.xml:52:13-72
84            <intent-filter>
84-->[com.google.firebase:firebase-auth:22.3.1] AndroidManifest.xml:53:13-63:29
85                <action android:name="android.intent.action.VIEW" />
85-->[com.google.firebase:firebase-auth:22.3.1] AndroidManifest.xml:36:17-69
85-->[com.google.firebase:firebase-auth:22.3.1] AndroidManifest.xml:36:25-66
86
87                <category android:name="android.intent.category.DEFAULT" />
87-->[com.google.firebase:firebase-auth:22.3.1] AndroidManifest.xml:38:17-76
87-->[com.google.firebase:firebase-auth:22.3.1] AndroidManifest.xml:38:27-73
88                <category android:name="android.intent.category.BROWSABLE" />
88-->[com.google.firebase:firebase-auth:22.3.1] AndroidManifest.xml:39:17-78
88-->[com.google.firebase:firebase-auth:22.3.1] AndroidManifest.xml:39:27-75
89
90                <data
90-->[com.google.firebase:firebase-auth:22.3.1] AndroidManifest.xml:41:17-44:51
91                    android:host="firebase.auth"
91-->[com.google.firebase:firebase-auth:22.3.1] AndroidManifest.xml:42:21-49
92                    android:path="/"
92-->[com.google.firebase:firebase-auth:22.3.1] AndroidManifest.xml:43:21-37
93                    android:scheme="recaptcha" />
93-->[com.google.firebase:firebase-auth:22.3.1] AndroidManifest.xml:44:21-48
94            </intent-filter>
95        </activity>
96
97        <service
97-->[com.google.firebase:firebase-auth:22.3.1] AndroidManifest.xml:66:9-72:19
98            android:name="com.google.firebase.components.ComponentDiscoveryService"
98-->[com.google.firebase:firebase-auth:22.3.1] AndroidManifest.xml:67:13-84
99            android:directBootAware="true"
99-->[com.google.firebase:firebase-common:20.4.2] AndroidManifest.xml:32:13-43
100            android:exported="false" >
100-->[com.google.firebase:firebase-auth:22.3.1] AndroidManifest.xml:68:13-37
101            <meta-data
101-->[com.google.firebase:firebase-auth:22.3.1] AndroidManifest.xml:69:13-71:85
102                android:name="com.google.firebase.components:com.google.firebase.auth.FirebaseAuthRegistrar"
102-->[com.google.firebase:firebase-auth:22.3.1] AndroidManifest.xml:70:17-109
103                android:value="com.google.firebase.components.ComponentRegistrar" />
103-->[com.google.firebase:firebase-auth:22.3.1] AndroidManifest.xml:71:17-82
104            <meta-data
104-->[com.google.firebase:firebase-messaging:23.4.0] AndroidManifest.xml:57:13-59:85
105                android:name="com.google.firebase.components:com.google.firebase.messaging.FirebaseMessagingKtxRegistrar"
105-->[com.google.firebase:firebase-messaging:23.4.0] AndroidManifest.xml:58:17-122
106                android:value="com.google.firebase.components.ComponentRegistrar" />
106-->[com.google.firebase:firebase-messaging:23.4.0] AndroidManifest.xml:59:17-82
107            <meta-data
107-->[com.google.firebase:firebase-messaging:23.4.0] AndroidManifest.xml:60:13-62:85
108                android:name="com.google.firebase.components:com.google.firebase.messaging.FirebaseMessagingRegistrar"
108-->[com.google.firebase:firebase-messaging:23.4.0] AndroidManifest.xml:61:17-119
109                android:value="com.google.firebase.components.ComponentRegistrar" />
109-->[com.google.firebase:firebase-messaging:23.4.0] AndroidManifest.xml:62:17-82
110            <meta-data
110-->[com.google.firebase:firebase-database:20.3.0] AndroidManifest.xml:29:13-31:85
111                android:name="com.google.firebase.components:com.google.firebase.database.FirebaseDatabaseKtxRegistrar"
111-->[com.google.firebase:firebase-database:20.3.0] AndroidManifest.xml:30:17-120
112                android:value="com.google.firebase.components.ComponentRegistrar" />
112-->[com.google.firebase:firebase-database:20.3.0] AndroidManifest.xml:31:17-82
113            <meta-data
113-->[com.google.firebase:firebase-database:20.3.0] AndroidManifest.xml:32:13-34:85
114                android:name="com.google.firebase.components:com.google.firebase.database.DatabaseRegistrar"
114-->[com.google.firebase:firebase-database:20.3.0] AndroidManifest.xml:33:17-109
115                android:value="com.google.firebase.components.ComponentRegistrar" />
115-->[com.google.firebase:firebase-database:20.3.0] AndroidManifest.xml:34:17-82
116            <meta-data
116-->[com.google.firebase:firebase-datatransport:18.1.7] AndroidManifest.xml:27:13-29:85
117                android:name="com.google.firebase.components:com.google.firebase.datatransport.TransportRegistrar"
117-->[com.google.firebase:firebase-datatransport:18.1.7] AndroidManifest.xml:28:17-115
118                android:value="com.google.firebase.components.ComponentRegistrar" />
118-->[com.google.firebase:firebase-datatransport:18.1.7] AndroidManifest.xml:29:17-82
119            <meta-data
119-->[com.google.firebase:firebase-installations:17.2.0] AndroidManifest.xml:15:13-17:85
120                android:name="com.google.firebase.components:com.google.firebase.installations.FirebaseInstallationsKtxRegistrar"
120-->[com.google.firebase:firebase-installations:17.2.0] AndroidManifest.xml:16:17-130
121                android:value="com.google.firebase.components.ComponentRegistrar" />
121-->[com.google.firebase:firebase-installations:17.2.0] AndroidManifest.xml:17:17-82
122            <meta-data
122-->[com.google.firebase:firebase-installations:17.2.0] AndroidManifest.xml:18:13-20:85
123                android:name="com.google.firebase.components:com.google.firebase.installations.FirebaseInstallationsRegistrar"
123-->[com.google.firebase:firebase-installations:17.2.0] AndroidManifest.xml:19:17-127
124                android:value="com.google.firebase.components.ComponentRegistrar" />
124-->[com.google.firebase:firebase-installations:17.2.0] AndroidManifest.xml:20:17-82
125            <meta-data
125-->[com.google.firebase:firebase-common-ktx:20.4.2] AndroidManifest.xml:12:13-14:85
126                android:name="com.google.firebase.components:com.google.firebase.ktx.FirebaseCommonLegacyRegistrar"
126-->[com.google.firebase:firebase-common-ktx:20.4.2] AndroidManifest.xml:13:17-116
127                android:value="com.google.firebase.components.ComponentRegistrar" />
127-->[com.google.firebase:firebase-common-ktx:20.4.2] AndroidManifest.xml:14:17-82
128            <meta-data
128-->[com.google.firebase:firebase-common:20.4.2] AndroidManifest.xml:35:13-37:85
129                android:name="com.google.firebase.components:com.google.firebase.FirebaseCommonKtxRegistrar"
129-->[com.google.firebase:firebase-common:20.4.2] AndroidManifest.xml:36:17-109
130                android:value="com.google.firebase.components.ComponentRegistrar" />
130-->[com.google.firebase:firebase-common:20.4.2] AndroidManifest.xml:37:17-82
131        </service>
132
133        <receiver
133-->[com.google.firebase:firebase-messaging:23.4.0] AndroidManifest.xml:29:9-40:20
134            android:name="com.google.firebase.iid.FirebaseInstanceIdReceiver"
134-->[com.google.firebase:firebase-messaging:23.4.0] AndroidManifest.xml:30:13-78
135            android:exported="true"
135-->[com.google.firebase:firebase-messaging:23.4.0] AndroidManifest.xml:31:13-36
136            android:permission="com.google.android.c2dm.permission.SEND" >
136-->[com.google.firebase:firebase-messaging:23.4.0] AndroidManifest.xml:32:13-73
137            <intent-filter>
137-->[com.google.firebase:firebase-messaging:23.4.0] AndroidManifest.xml:33:13-35:29
138                <action android:name="com.google.android.c2dm.intent.RECEIVE" />
138-->[com.google.firebase:firebase-messaging:23.4.0] AndroidManifest.xml:34:17-81
138-->[com.google.firebase:firebase-messaging:23.4.0] AndroidManifest.xml:34:25-78
139            </intent-filter>
140
141            <meta-data
141-->[com.google.firebase:firebase-messaging:23.4.0] AndroidManifest.xml:37:13-39:40
142                android:name="com.google.android.gms.cloudmessaging.FINISHED_AFTER_HANDLED"
142-->[com.google.firebase:firebase-messaging:23.4.0] AndroidManifest.xml:38:17-92
143                android:value="true" />
143-->[com.google.firebase:firebase-messaging:23.4.0] AndroidManifest.xml:39:17-37
144        </receiver>
145        <!--
146             FirebaseMessagingService performs security checks at runtime,
147             but set to not exported to explicitly avoid allowing another app to call it.
148        -->
149        <service
149-->[com.google.firebase:firebase-messaging:23.4.0] AndroidManifest.xml:46:9-53:19
150            android:name="com.google.firebase.messaging.FirebaseMessagingService"
150-->[com.google.firebase:firebase-messaging:23.4.0] AndroidManifest.xml:47:13-82
151            android:directBootAware="true"
151-->[com.google.firebase:firebase-messaging:23.4.0] AndroidManifest.xml:48:13-43
152            android:exported="false" >
152-->[com.google.firebase:firebase-messaging:23.4.0] AndroidManifest.xml:49:13-37
153            <intent-filter android:priority="-500" >
153-->src\main\AndroidManifest.xml:31:13-33:29
154                <action android:name="com.google.firebase.MESSAGING_EVENT" />
154-->src\main\AndroidManifest.xml:32:17-78
154-->src\main\AndroidManifest.xml:32:25-75
155            </intent-filter>
156        </service>
157        <service
157-->[com.google.android.datatransport:transport-backend-cct:3.1.8] AndroidManifest.xml:28:9-34:19
158            android:name="com.google.android.datatransport.runtime.backends.TransportBackendDiscovery"
158-->[com.google.android.datatransport:transport-backend-cct:3.1.8] AndroidManifest.xml:29:13-103
159            android:exported="false" >
159-->[com.google.android.datatransport:transport-backend-cct:3.1.8] AndroidManifest.xml:30:13-37
160            <meta-data
160-->[com.google.android.datatransport:transport-backend-cct:3.1.8] AndroidManifest.xml:31:13-33:39
161                android:name="backend:com.google.android.datatransport.cct.CctBackendFactory"
161-->[com.google.android.datatransport:transport-backend-cct:3.1.8] AndroidManifest.xml:32:17-94
162                android:value="cct" />
162-->[com.google.android.datatransport:transport-backend-cct:3.1.8] AndroidManifest.xml:33:17-36
163        </service>
164        <service
164-->[com.google.android.datatransport:transport-runtime:3.1.8] AndroidManifest.xml:26:9-30:19
165            android:name="com.google.android.datatransport.runtime.scheduling.jobscheduling.JobInfoSchedulerService"
165-->[com.google.android.datatransport:transport-runtime:3.1.8] AndroidManifest.xml:27:13-117
166            android:exported="false"
166-->[com.google.android.datatransport:transport-runtime:3.1.8] AndroidManifest.xml:28:13-37
167            android:permission="android.permission.BIND_JOB_SERVICE" >
167-->[com.google.android.datatransport:transport-runtime:3.1.8] AndroidManifest.xml:29:13-69
168        </service>
169
170        <receiver
170-->[com.google.android.datatransport:transport-runtime:3.1.8] AndroidManifest.xml:32:9-34:40
171            android:name="com.google.android.datatransport.runtime.scheduling.jobscheduling.AlarmManagerSchedulerBroadcastReceiver"
171-->[com.google.android.datatransport:transport-runtime:3.1.8] AndroidManifest.xml:33:13-132
172            android:exported="false" />
172-->[com.google.android.datatransport:transport-runtime:3.1.8] AndroidManifest.xml:34:13-37
173
174        <provider
174-->[com.google.firebase:firebase-common:20.4.2] AndroidManifest.xml:23:9-28:39
175            android:name="com.google.firebase.provider.FirebaseInitProvider"
175-->[com.google.firebase:firebase-common:20.4.2] AndroidManifest.xml:24:13-77
176            android:authorities="com.example.printxpress.firebaseinitprovider"
176-->[com.google.firebase:firebase-common:20.4.2] AndroidManifest.xml:25:13-72
177            android:directBootAware="true"
177-->[com.google.firebase:firebase-common:20.4.2] AndroidManifest.xml:26:13-43
178            android:exported="false"
178-->[com.google.firebase:firebase-common:20.4.2] AndroidManifest.xml:27:13-37
179            android:initOrder="100" />
179-->[com.google.firebase:firebase-common:20.4.2] AndroidManifest.xml:28:13-36
180
181        <activity
181-->[com.google.android.gms:play-services-base:18.1.0] AndroidManifest.xml:20:9-22:45
182            android:name="com.google.android.gms.common.api.GoogleApiActivity"
182-->[com.google.android.gms:play-services-base:18.1.0] AndroidManifest.xml:20:19-85
183            android:exported="false"
183-->[com.google.android.gms:play-services-base:18.1.0] AndroidManifest.xml:22:19-43
184            android:theme="@android:style/Theme.Translucent.NoTitleBar" />
184-->[com.google.android.gms:play-services-base:18.1.0] AndroidManifest.xml:21:19-78
185
186        <meta-data
186-->[com.google.android.gms:play-services-basement:18.1.0] AndroidManifest.xml:21:9-23:69
187            android:name="com.google.android.gms.version"
187-->[com.google.android.gms:play-services-basement:18.1.0] AndroidManifest.xml:22:13-58
188            android:value="@integer/google_play_services_version" />
188-->[com.google.android.gms:play-services-basement:18.1.0] AndroidManifest.xml:23:13-66
189
190        <provider
190-->[androidx.emoji2:emoji2:1.2.0] AndroidManifest.xml:24:9-32:20
191            android:name="androidx.startup.InitializationProvider"
191-->[androidx.emoji2:emoji2:1.2.0] AndroidManifest.xml:25:13-67
192            android:authorities="com.example.printxpress.androidx-startup"
192-->[androidx.emoji2:emoji2:1.2.0] AndroidManifest.xml:26:13-68
193            android:exported="false" >
193-->[androidx.emoji2:emoji2:1.2.0] AndroidManifest.xml:27:13-37
194            <meta-data
194-->[androidx.emoji2:emoji2:1.2.0] AndroidManifest.xml:29:13-31:52
195                android:name="androidx.emoji2.text.EmojiCompatInitializer"
195-->[androidx.emoji2:emoji2:1.2.0] AndroidManifest.xml:30:17-75
196                android:value="androidx.startup" />
196-->[androidx.emoji2:emoji2:1.2.0] AndroidManifest.xml:31:17-49
197            <meta-data
197-->[androidx.lifecycle:lifecycle-process:2.4.1] AndroidManifest.xml:31:13-33:52
198                android:name="androidx.lifecycle.ProcessLifecycleInitializer"
198-->[androidx.lifecycle:lifecycle-process:2.4.1] AndroidManifest.xml:32:17-78
199                android:value="androidx.startup" />
199-->[androidx.lifecycle:lifecycle-process:2.4.1] AndroidManifest.xml:33:17-49
200        </provider>
201    </application>
202
203</manifest>